<?xml version="1.0" encoding="UTF-8"?>
<!-- Generated by org.testng.reporters.JUnitReportReporter -->
<testsuite skipped="0" hostname="DESKTOP-7PEBP5S" name="com.test.Logintest" tests="1" failures="0" timestamp="2023-01-16T20:15:30 IST" time="14.502" errors="0">
  <testcase name="verifylogin" time="14.502" classname="com.test.Logintest"/>
  <system-out/>
</testsuite> <!-- com.test.Logintest -->
